[debug] [2020-03-29T06:23:05.000Z] ----------------------------------------------------------------------
[debug] [2020-03-29T06:23:05.002Z] Command:       C:\Users\pedro\scoop\apps\nodejs\current\node.exe C:\Users\pedro\scoop\apps\nodejs\current\bin\node_modules\firebase-tools\lib\bin\firebase.js deploy --only hosting:fmm-check-student.web.app -m Bug Fix
[debug] [2020-03-29T06:23:05.003Z] CLI Version:   7.16.1
[debug] [2020-03-29T06:23:05.003Z] Platform:      win32
[debug] [2020-03-29T06:23:05.003Z] Node Version:  v12.4.0
[debug] [2020-03-29T06:23:05.003Z] Time:          Sun Mar 29 2020 02:23:05 GMT-0400 (GMT-04:00)
[debug] [2020-03-29T06:23:05.004Z] ----------------------------------------------------------------------
[debug] [2020-03-29T06:23:05.004Z] 
[debug] [2020-03-29T06:23:05.010Z] > command requires scopes: ["email","openid","https://www.googleapis.com/auth/cloudplatformprojects.readonly","https://www.googleapis.com/auth/firebase","https://www.googleapis.com/auth/cloud-platform"]
[debug] [2020-03-29T06:23:05.010Z] > authorizing via signed-in user
[debug] [2020-03-29T06:23:05.010Z] [iam] checking project fmm-check-student for permissions ["firebase.projects.get","firebasehosting.sites.update"]
[debug] [2020-03-29T06:23:05.013Z] >>> HTTP REQUEST POST https://cloudresourcemanager.googleapis.com/v1/projects/fmm-check-student:testIamPermissions  

[debug] [2020-03-29T06:23:06.172Z] <<< HTTP RESPONSE 200
[debug] [2020-03-29T06:23:06.174Z] >>> HTTP REQUEST GET https://firebase.googleapis.com/v1beta1/projects/fmm-check-student  
 
[debug] [2020-03-29T06:23:06.726Z] <<< HTTP RESPONSE 200
[info] 
[info] === Deploying to 'fmm-check-student'...
[info] 
[info] i  deploying hosting
[info] 
[info] +  Deploy complete!
[info] 
[info] Project Console: https://console.firebase.google.com/project/fmm-check-student/overview
[debug] [2020-03-29T06:23:07.094Z] TypeError: Cannot read property 'deploys' of undefined
    at C:\Users\pedro\scoop\persist\nodejs\bin\node_modules\firebase-tools\lib\deploy\index.js:84:36
    at processTicksAndRejections (internal/process/task_queues.js:89:5)
[error] 
[error] Error: An unexpected error has occurred.
